<?xml version="1.0" encoding="UTF-8"?>
<!-- Generated by org.testng.reporters.JUnitReportReporter -->
<testsuite hostname="DESKTOP-LQ36VU4" failures="0" tests="11" name="testRunner.TestngTestRunner" time="420.390" errors="1" timestamp="2024-03-02T22:06:13 IST" skipped="0">
  <testcase classname="testRunner.TestngTestRunner" name="runScenario" time="17.603"/>
  <system-out/>
  <testcase classname="testRunner.TestngTestRunner" name="runScenario" time="28.042"/>
  <system-out/>
  <testcase classname="testRunner.TestngTestRunner" name="runScenario" time="52.691"/>
  <system-out/>
  <testcase classname="testRunner.TestngTestRunner" name="runScenario" time="25.730"/>
  <system-out/>
  <testcase classname="testRunner.TestngTestRunner" name="runScenario" time="15.466"/>
  <system-out/>
  <testcase classname="testRunner.TestngTestRunner" name="runScenario" time="21.218"/>
  <system-out/>
  <testcase classname="testRunner.TestngTestRunner" name="runScenario" time="19.537"/>
  <system-out/>
  <testcase classname="testRunner.TestngTestRunner" name="runScenario" time="85.908"/>
  <system-out/>
  <testcase classname="testRunner.TestngTestRunner" name="runScenario" time="63.401"/>
  <system-out/>
  <testcase classname="testRunner.TestngTestRunner" name="runScenario" time="39.219">
    <error message="no such element: Unable to locate element: {&quot;method&quot;:&quot;xpath&quot;,&quot;selector&quot;:&quot;//*[@id=&quot;app&quot;]/div[1]/div[2]/div[2]/div/div[1]/div[2]/form/div[1]/div/div[3]/div/div[2]/div/div[2]/span[4]/i&quot;}
  (Session info: chrome=122.0.6261.70)
For documentation on this error, please visit: https://selenium.dev/exceptions/#no_such_element
Build info: version: &#039;4.8.2&#039;, revision: &#039;826dbfc730&#039;
System info: os.name: &#039;Windows 10&#039;, os.arch: &#039;amd64&#039;, os.version: &#039;10.0&#039;, java.version: &#039;21.0.2&#039;
Driver info: org.openqa.selenium.chrome.ChromeDriver
Command: [13593cd8a8c1b23dfb4a35a8d67976cc, findElement {using=xpath, value=//*[@id=&quot;app&quot;]/div[1]/div[2]/div[2]/div/div[1]/div[2]/form/div[1]/div/div[3]/div/div[2]/div/div[2]/span[4]/i}]
Capabilities {acceptInsecureCerts: false, browserName: chrome, browserVersion: 122.0.6261.70, chrome: {chromedriverVersion: 122.0.6261.94 (880dbf29479c..., userDataDir: C:\Users\MEET~1.DHA\AppData...}, fedcm:accounts: true, goog:chromeOptions: {debuggerAddress: localhost:62864}, networkConnectionEnabled: false, pageLoadStrategy: normal, platformName: WINDOWS, proxy: Proxy(), se:cdp: ws://localhost:62864/devtoo..., se:cdpVersion: 122.0.6261.70, setWindowRect: true, strictFileInteractability: false, timeouts: {implicit: 0, pageLoad: 300000, script: 30000}, unhandledPromptBehavior: dismiss and notify, webauthn:extension:credBlob: true, webauthn:extension:largeBlob: true, webauthn:extension:minPinLength: true, webauthn:extension:prf: true, webauthn:virtualAuthenticators: true}
Session ID: 13593cd8a8c1b23dfb4a35a8d67976cc" type="org.openqa.selenium.NoSuchElementException">
      <![CDATA[org.openqa.selenium.NoSuchElementException: no such element: Unable to locate element: {"method":"xpath","selector":"//*[@id="app"]/div[1]/div[2]/div[2]/div/div[1]/div[2]/form/div[1]/div/div[3]/div/div[2]/div/div[2]/span[4]/i"}
  (Session info: chrome=122.0.6261.70)
For documentation on this error, please visit: https://selenium.dev/exceptions/#no_such_element
Build info: version: '4.8.2', revision: '826dbfc730'
System info: os.name: 'Windows 10', os.arch: 'amd64', os.version: '10.0', java.version: '21.0.2'
Driver info: org.openqa.selenium.chrome.ChromeDriver
Command: [13593cd8a8c1b23dfb4a35a8d67976cc, findElement {using=xpath, value=//*[@id="app"]/div[1]/div[2]/div[2]/div/div[1]/div[2]/form/div[1]/div/div[3]/div/div[2]/div/div[2]/span[4]/i}]
Capabilities {acceptInsecureCerts: false, browserName: chrome, browserVersion: 122.0.6261.70, chrome: {chromedriverVersion: 122.0.6261.94 (880dbf29479c..., userDataDir: C:\Users\MEET~1.DHA\AppData...}, fedcm:accounts: true, goog:chromeOptions: {debuggerAddress: localhost:62864}, networkConnectionEnabled: false, pageLoadStrategy: normal, platformName: WINDOWS, proxy: Proxy(), se:cdp: ws://localhost:62864/devtoo..., se:cdpVersion: 122.0.6261.70, setWindowRect: true, strictFileInteractability: false, timeouts: {implicit: 0, pageLoad: 300000, script: 30000}, unhandledPromptBehavior: dismiss and notify, webauthn:extension:credBlob: true, webauthn:extension:largeBlob: true, webauthn:extension:minPinLength: true, webauthn:extension:prf: true, webauthn:virtualAuthenticators: true}
Session ID: 13593cd8a8c1b23dfb4a35a8d67976cc
at java.base/jdk.internal.reflect.DirectConstructorHandleAccessor.newInstance(DirectConstructorHandleAccessor.java:62)
at java.base/java.lang.reflect.Constructor.newInstanceWithCaller(Constructor.java:502)
at java.base/java.lang.reflect.Constructor.newInstance(Constructor.java:486)
at org.openqa.selenium.remote.codec.w3c.W3CHttpResponseCodec.createException(W3CHttpResponseCodec.java:200)
at org.openqa.selenium.remote.codec.w3c.W3CHttpResponseCodec.decode(W3CHttpResponseCodec.java:133)
at org.openqa.selenium.remote.codec.w3c.W3CHttpResponseCodec.decode(W3CHttpResponseCodec.java:53)
at org.openqa.selenium.remote.HttpCommandExecutor.execute(HttpCommandExecutor.java:193)
at org.openqa.selenium.remote.service.DriverCommandExecutor.invokeExecute(DriverCommandExecutor.java:183)
at org.openqa.selenium.remote.service.DriverCommandExecutor.execute(DriverCommandExecutor.java:158)
at org.openqa.selenium.remote.RemoteWebDriver.execute(RemoteWebDriver.java:543)
at org.openqa.selenium.remote.ElementLocation$ElementFinder$2.findElement(ElementLocation.java:162)
at org.openqa.selenium.remote.ElementLocation.findElement(ElementLocation.java:60)
at org.openqa.selenium.remote.RemoteWebDriver.findElement(RemoteWebDriver.java:352)
at org.openqa.selenium.remote.RemoteWebDriver.findElement(RemoteWebDriver.java:344)
at utilities.SeleniumMethods.clickOn(SeleniumMethods.java:40)
at pageObjects.LeavePageObjects.remove_tag(LeavePageObjects.java:86)
at stepDefinitions.LeavePageSteps.i_not_select_any_leave_status(LeavePageSteps.java:97)
at âœ½.I not select any leave status(file:///C:/Users/meet.dhameliya/Downloads/BDD_Framework-master/BDD_Framework-master/./features/2LeavePage.feature:44)
]]>
    </error>
  </testcase> <!-- runScenario -->
  <system-out/>
  <testcase classname="testRunner.TestngTestRunner" name="runScenario" time="51.575"/>
  <system-out/>
</testsuite> <!-- testRunner.TestngTestRunner -->
